Julia Version 1.9.3
Commit bed2cd540a1 (2023-08-24 14:43 UTC)
Build Info:
  Official https://julialang.org/ release
Platform Info:
  OS: Linux (x86_64-linux-gnu)
  CPU: 128 × AMD EPYC 7763 64-Core Processor
  WORD_SIZE: 64
  LIBM: libopenlibm
  LLVM: libLLVM-14.0.6 (ORCJIT, znver3)
  Threads: 8 on 128 virtual cores
Environment:
  LD_LIBRARY_PATH = /opt/software/pc2/EB-SW/software/JuliaHPC/1.9.3-foss-2022a-CUDA-11.7.0/lib:/opt/software/pc2/EB-SW/software/GDRCopy/2.3-GCCcore-11.3.0/lib:/opt/software/pc2/EB-SW/software/CUDA/11.7.0/nvvm/lib64:/opt/software/pc2/EB-SW/software/CUDA/11.7.0/extras/CUPTI/lib64:/opt/software/pc2/EB-SW/software/CUDA/11.7.0/lib:/opt/software/pc2/EB-SW/software/ScaLAPACK/2.2.0-gompi-2022a-fb/lib:/opt/software/pc2/EB-SW/software/FFTW.MPI/3.3.10-gompi-2022a/lib:/opt/software/pc2/EB-SW/software/FFTW/3.3.10-GCC-11.3.0/lib:/opt/software/pc2/EB-SW/software/FlexiBLAS/3.2.0-GCC-11.3.0/lib:/opt/software/pc2/EB-SW/software/OpenBLAS/0.3.20-GCC-11.3.0/lib:/opt/software/pc2/EB-SW/software/OpenMPI/4.1.4-GCC-11.3.0/lib:/opt/software/pc2/EB-SW/software/UCC/1.0.0-GCCcore-11.3.0/lib:/opt/software/pc2/EB-SW/software/PMIx/4.1.2-GCCcore-11.3.0/lib:/opt/software/pc2/EB-SW/software/libfabric/1.15.1-GCCcore-11.3.0/lib:/opt/software/pc2/EB-SW/software/UCX/1.12.1-GCCcore-11.3.0/lib:/opt/software/pc2/EB-SW/software/libevent/2.1.12-GCCcore-11.3.0/lib:/opt/software/pc2/EB-SW/software/OpenSSL/1.1/lib:/opt/software/pc2/EB-SW/software/hwloc/2.7.1-GCCcore-11.3.0/lib:/opt/software/pc2/EB-SW/software/libpciaccess/0.16-GCCcore-11.3.0/lib:/opt/software/pc2/EB-SW/software/libxml2/2.9.13-GCCcore-11.3.0/lib:/opt/software/pc2/EB-SW/software/XZ/5.2.5-GCCcore-11.3.0/lib:/opt/software/pc2/EB-SW/software/numactl/2.0.14-GCCcore-11.3.0/lib:/opt/software/pc2/EB-SW/software/binutils/2.38-GCCcore-11.3.0/lib:/opt/software/pc2/EB-SW/software/zlib/1.2.12-GCCcore-11.3.0/lib:/opt/software/pc2/EB-SW/software/GCCcore/11.3.0/lib64:/pc2/users/b/bauerc/.local/lib:/opt/software/slurm/22.05.10-1/lib
  JULIA_CUDA_MEMORY_POOL = none
  JULIA_DEPOT_PATH = /scratch/pc2-mitarbeiter/bauerc/.julia
  JULIA_PKG_SERVER = eu-central.pkg.julialang.org
  JULIA_LOAD_PATH = :/opt/software/pc2/EB-SW/software/JuliaHPC/1.9.3-foss-2022a-CUDA-11.7.0
  JULIA_EDITOR = vim
  JULIA_DEPOT_PATH_CI = /scratch/pc2-mitarbeiter/bauerc/.julia-ci


 nchunks = 8

 	 f = identity
correctness check
		 serial
			 true
		 spawn
			 true
		 threads :static
			 true
		 threads :dynamic
			 true

 benchmark
		 serial
  215.258 ms (0 allocations: 0 bytes)
		 spawn
  151.162 ms (66 allocations: 5.02 KiB)
		 threads :static
  151.143 ms (52 allocations: 4.88 KiB)
		 threads :dynamic
  151.173 ms (51 allocations: 4.85 KiB)

 	 f = sin
correctness check
		 serial
			 true
		 spawn
			 true
		 threads :static
			 true
		 threads :dynamic
			 true

 benchmark
		 serial
  5.561 s (0 allocations: 0 bytes)
		 spawn
  701.000 ms (66 allocations: 5.03 KiB)
		 threads :static
  706.229 ms (51 allocations: 4.86 KiB)
		 threads :dynamic
  703.235 ms (51 allocations: 4.84 KiB)


 nchunks = 800

 	 f = identity
correctness check
		 serial
			 true
		 spawn
			 true
		 threads :static
			 true
		 threads :dynamic
			 true

 benchmark
		 serial
  215.765 ms (0 allocations: 0 bytes)
		 spawn
  151.634 ms (4817 allocations: 438.27 KiB)
		 threads :static
  151.315 ms (52 allocations: 11.15 KiB)
		 threads :dynamic
  151.893 ms (51 allocations: 11.10 KiB)

 	 f = sin
correctness check
		 serial
			 true
		 spawn
			 true
		 threads :static
			 true
		 threads :dynamic
			 true

 benchmark
		 serial
  5.585 s (0 allocations: 0 bytes)
		 spawn
  696.130 ms (4818 allocations: 438.29 KiB)
		 threads :static
  697.557 ms (50 allocations: 11.08 KiB)
		 threads :dynamic
  696.266 ms (51 allocations: 11.10 KiB)
