Blocking communication
Iteration: 10000 error: 2.656624293518113e-8
Iteration: 20000 error: 2.6177747441043114e-8
Iteration: 30000 error: 2.5876627631398576e-8
Iteration: 40000 error: 2.562077415651265e-8
Iteration: 50000 error: 2.5393873065512335e-8
Iteration: 60000 error: 2.5187555877784936e-8
Iteration: 70000 error: 2.4996850317049932e-8
Iteration: 80000 error: 2.481851600352336e-8
Iteration: 90000 error: 2.4650301694746977e-8
Iteration: 100000 error: 2.449056793185607e-8
Iteration: 110000 error: 2.4338076794637465e-8
Iteration: 120000 error: 2.419186633740692e-8
Iteration: 130000 error: 2.4051171410825577e-8
Iteration: 140000 error: 2.3915371500148407e-8
Iteration: 150000 error: 2.378395510018856e-8
Iteration: 160000 error: 2.365649463762669e-8
Iteration: 170000 error: 2.353262835766355e-8
Iteration: 180000 error: 2.3412046947479447e-8
Iteration: 190000 error: 2.329448346504092e-8
Iteration: 200000 error: 2.317970562655969e-8
Iteration: 210000 error: 2.3067509810524376e-8
Iteration: 220000 error: 2.2957716333361226e-8
Iteration: 230000 error: 2.2850165681644562e-8
Iteration: 240000 error: 2.274471547441536e-8
Iteration: 250000 error: 2.2641237989636274e-8
Iteration: 260000 error: 2.2539618131871002e-8
Iteration: 270000 error: 2.2439751748606274e-8
Iteration: 280000 error: 2.2341544224747953e-8
Iteration: 290000 error: 2.2244909301051238e-8
Iteration: 300000 error: 2.2149768074687463e-8
Iteration: 310000 error: 2.2056048148037207e-8
Iteration: 320000 error: 2.1963682900656567e-8
Iteration: 330000 error: 2.1872610862319246e-8
Iteration: 340000 error: 2.1782775171310377e-8
Iteration: 350000 error: 2.1694123103799595e-8
Iteration: 360000 error: 2.1606605663066764e-8
Iteration: 370000 error: 2.1520177220070502e-8
Iteration: 380000 error: 2.1434795197236754e-8
Iteration: 390000 error: 2.135041978935803e-8
Iteration: 400000 error: 2.12670137168363e-8
Iteration: 410000 error: 2.118454200596005e-8
Iteration: 420000 error: 2.1102971793749752e-8
Iteration: 430000 error: 2.102227215307895e-8
Iteration: 440000 error: 2.0942413936377942e-8
Iteration: 450000 error: 2.0863369634889285e-8
Iteration: 460000 error: 2.0785113252196533e-8
Iteration: 470000 error: 2.0707620189895328e-8
Iteration: 480000 error: 2.0630867144179952e-8
Iteration: 490000 error: 2.0554832012089675e-8
Iteration: 500000 error: 2.047949380636944e-8
Iteration: 510000 error: 2.0404832577820693e-8
Iteration: 520000 error: 2.033082934461136e-8
Iteration: 530000 error: 2.0257466027650627e-8
Iteration: 540000 error: 2.0184725391285543e-8
Iteration: 550000 error: 2.0112590989199243e-8
Iteration: 560000 error: 2.004104711445923e-8
Iteration: 570000 error: 1.997007875353366e-8
Iteration: 580000 error: 1.9899671544394147e-8
Iteration: 590000 error: 1.9829811737114655e-8
Iteration: 600000 error: 1.9760486158290204e-8
Iteration: 610000 error: 1.969168217732434e-8
Iteration: 620000 error: 1.962338767581857e-8
Iteration: 630000 error: 1.9555591018963207e-8
Iteration: 640000 error: 1.948828102884663e-8
Iteration: 650000 error: 1.942144695975612e-8
Iteration: 660000 error: 1.935507847517456e-8
Iteration: 670000 error: 1.928916562655643e-8
Iteration: 680000 error: 1.9223698832964117e-8
Iteration: 690000 error: 1.915866886281211e-8
Iteration: 700000 error: 1.9094066816104902e-8
Iteration: 710000 error: 1.902988410819234e-8
Iteration: 720000 error: 1.896611245473765e-8
Iteration: 730000 error: 1.890274385696169e-8
Iteration: 740000 error: 1.88397705886433e-8
Iteration: 750000 error: 1.8777185183093126e-8
Iteration: 760000 error: 1.871498042154415e-8
Iteration: 770000 error: 1.8653149321970047e-8
Iteration: 780000 error: 1.8591685128476423e-8
Iteration: 790000 error: 1.8530581301486824e-8
Iteration: 800000 error: 1.846983150842268e-8
Iteration: 810000 error: 1.840942961467752e-8
Iteration: 820000 error: 1.8349369675677206e-8
Iteration: 830000 error: 1.8289645928681788e-8
Iteration: 840000 error: 1.823025278548336e-8
Iteration: 850000 error: 1.8171184825310304e-8
Iteration: 860000 error: 1.8112436788284043e-8
Iteration: 870000 error: 1.8054003568806594e-8
Iteration: 880000 error: 1.7995880209959026e-8
Iteration: 890000 error: 1.7938061897424024e-8
Iteration: 900000 error: 1.788054395423493e-8
Iteration: 910000 error: 1.7823321835854078e-8
Iteration: 920000 error: 1.7766391124689984e-8
Iteration: 930000 error: 1.770974752608638e-8
Iteration: 940000 error: 1.7653386863428815e-8
Iteration: 950000 error: 1.759730507418655e-8
Iteration: 960000 error: 1.754149820565714e-8
Iteration: 970000 error: 1.7485962411309617e-8
Iteration: 980000 error: 1.7430693946996547e-8
Iteration: 990000 error: 1.7375689167437357e-8
Iteration: 1000000 error: 1.732094452278981e-8
Iteration: 1010000 error: 1.7266456555714878e-8
Iteration: 1020000 error: 1.72122218980467e-8
Iteration: 1030000 error: 1.715823726782951e-8
Iteration: 1040000 error: 1.710449946670733e-8
Iteration: 1050000 error: 1.7051005376959334e-8
Iteration: 1060000 error: 1.6997751958957893e-8
Iteration: 1070000 error: 1.69447362490917e-8
Iteration: 1080000 error: 1.689195535666586e-8
Iteration: 1090000 error: 1.683940646215541e-8
Iteration: 1100000 error: 1.678708681469456e-8
Iteration: 1110000 error: 1.6734993730120598e-8
Iteration: 1120000 error: 1.6683124589059016e-8
Iteration: 1130000 error: 1.6631476834338783e-8
Iteration: 1140000 error: 1.658004796996689e-8
Iteration: 1150000 error: 1.6528835558585594e-8
Iteration: 1160000 error: 1.6477837220242302e-8
Iteration: 1170000 error: 1.642705063019489e-8
Iteration: 1180000 error: 1.6376473517726898e-8
Iteration: 1190000 error: 1.6326103664302414e-8
Iteration: 1200000 error: 1.6275938902123857e-8
Iteration: 1210000 error: 1.6225977112713664e-8
Iteration: 1220000 error: 1.6176216225434234e-8
Iteration: 1230000 error: 1.612665421608431e-8
Iteration: 1240000 error: 1.6077289105647245e-8
Iteration: 1250000 error: 1.602811895910032e-8
Iteration: 1260000 error: 1.597914188376135e-8
Iteration: 1270000 error: 1.5930356028794864e-8
Iteration: 1280000 error: 1.588175958344965e-8
Iteration: 1290000 error: 1.5833350775967567e-8
Iteration: 1300000 error: 1.578512787306088e-8
Iteration: 1310000 error: 1.573708917814807e-8
Iteration: 1320000 error: 1.5689233030933783e-8
Iteration: 1330000 error: 1.5641557805883213e-8
Iteration: 1340000 error: 1.5594061911757233e-8
Iteration: 1350000 error: 1.5546743790488265e-8
Iteration: 1360000 error: 1.5499601915955077e-8
Iteration: 1370000 error: 1.5452634793806133e-8
Iteration: 1380000 error: 1.5405840960066484e-8
Iteration: 1390000 error: 1.5359218980507415e-8
Iteration: 1400000 error: 1.5312767449800794e-8
Iteration: 1410000 error: 1.5266484990912248e-8
Iteration: 1420000 error: 1.522037025409934e-8
Iteration: 1430000 error: 1.5174421916253945e-8
Iteration: 1440000 error: 1.5128638680540164e-8
Iteration: 1450000 error: 1.5083019275169995e-8
Iteration: 1460000 error: 1.503756245303105e-8
Iteration: 1470000 error: 1.499226699131159e-8
Iteration: 1480000 error: 1.4947131690095444e-8
Iteration: 1490000 error: 1.4902155372707483e-8
Iteration: 1500000 error: 1.4857336884252117e-8
Iteration: 1510000 error: 1.4812675091809094e-8
Iteration: 1520000 error: 1.4768168883258979e-8
Iteration: 1530000 error: 1.4723817167078034e-8
Iteration: 1540000 error: 1.4679618871676162e-8
Iteration: 1550000 error: 1.4635572945130877e-8
Iteration: 1560000 error: 1.4591678354301976e-8
Iteration: 1570000 error: 1.4547934084508505e-8
Iteration: 1580000 error: 1.4504339139284233e-8
Iteration: 1590000 error: 1.4460892539614636e-8
Iteration: 1600000 error: 1.441759332371392e-8
Iteration: 1610000 error: 1.4374440546212156e-8
Iteration: 1620000 error: 1.433143327839451e-8
Iteration: 1630000 error: 1.4288570607071946e-8
Iteration: 1640000 error: 1.4245851634792665e-8
Iteration: 1650000 error: 1.4203275479007145e-8
Iteration: 1660000 error: 1.4160841271896459e-8
Iteration: 1670000 error: 1.4118548160170804e-8
Iteration: 1680000 error: 1.4076395304186624e-8
Iteration: 1690000 error: 1.4034381878258417e-8
Iteration: 1700000 error: 1.3992507069778285e-8
Iteration: 1710000 error: 1.3950770079235465e-8
Iteration: 1720000 error: 1.3909170119768752e-8
Iteration: 1730000 error: 1.3867706416793076e-8
Iteration: 1740000 error: 1.382637820777244e-8
Iteration: 1750000 error: 1.378518474188849e-8
Iteration: 1760000 error: 1.374412527997553e-8
Iteration: 1770000 error: 1.3703199093813396e-8
Iteration: 1780000 error: 1.3662405466245192e-8
Iteration: 1790000 error: 1.3621743690650922e-8
Iteration: 1800000 error: 1.3581213070952091e-8
Iteration: 1810000 error: 1.3540812920974402e-8
Iteration: 1820000 error: 1.3500542564804938e-8
Iteration: 1830000 error: 1.3460401335647352e-8
Iteration: 1840000 error: 1.3420388576778508e-8
Iteration: 1850000 error: 1.3380503640109018e-8
Iteration: 1860000 error: 1.334074588686653e-8
Iteration: 1870000 error: 1.330111468699884e-8
Iteration: 1880000 error: 1.3261609419032886e-8
Iteration: 1890000 error: 1.3222229469650033e-8
Iteration: 1900000 error: 1.3182974233963103e-8
Iteration: 1910000 error: 1.3143843114926634e-8
Iteration: 1920000 error: 1.310483552327267e-8
Iteration: 1930000 error: 1.3065950877476344e-8
Iteration: 1940000 error: 1.3027188603166736e-8
Iteration: 1950000 error: 1.2988548133516779e-8
Iteration: 1960000 error: 1.2950028908852796e-8
Iteration: 1970000 error: 1.2911630375898941e-8
Iteration: 1980000 error: 1.2873351988744641e-8
Iteration: 1990000 error: 1.2835193207663674e-8
Iteration: 2000000 error: 1.2797153499871188e-8
Iteration: 2010000 error: 1.275923233835762e-8
Iteration: 2020000 error: 1.272142920239444e-8
Iteration: 2030000 error: 1.2683743577719176e-8
Iteration: 2040000 error: 1.2646174955561711e-8
Iteration: 2050000 error: 1.2608722832844354e-8
Iteration: 2060000 error: 1.257138671249271e-8
Iteration: 2070000 error: 1.2534166102577731e-8
Iteration: 2080000 error: 1.2497060516855157e-8
Iteration: 2090000 error: 1.2460069474140525e-8
Iteration: 2100000 error: 1.2423192498472533e-8
Iteration: 2110000 error: 1.2386429118850791e-8
Iteration: 2120000 error: 1.2349778869382856e-8
Iteration: 2130000 error: 1.2313241288894544e-8
Iteration: 2140000 error: 1.2276815920775485e-8
Iteration: 2150000 error: 1.2240502313337386e-8
Iteration: 2160000 error: 1.2204300019074266e-8
Iteration: 2170000 error: 1.2168208595159821e-8
Iteration: 2180000 error: 1.213222760301951e-8
Iteration: 2190000 error: 1.2096356608210468e-8
Iteration: 2200000 error: 1.2060595180513396e-8
Iteration: 2210000 error: 1.2024942893653133e-8
Iteration: 2220000 error: 1.1989399325559471e-8
Iteration: 2230000 error: 1.1953964058020254e-8
Iteration: 2240000 error: 1.1918636676255521e-8
Iteration: 2250000 error: 1.1883416769548654e-8
Iteration: 2260000 error: 1.1848303930840305e-8
Iteration: 2270000 error: 1.1813297756463984e-8
Iteration: 2280000 error: 1.1778397846529173e-8
Iteration: 2290000 error: 1.1743603804224746e-8
Iteration: 2300000 error: 1.1708915236235049e-8
Iteration: 2310000 error: 1.167433175276716e-8
Iteration: 2320000 error: 1.1639852967027469e-8
Iteration: 2330000 error: 1.1605478495347823e-8
Iteration: 2340000 error: 1.1571207957225273e-8
Iteration: 2350000 error: 1.1537040975415136e-8
Iteration: 2360000 error: 1.1502977175246306e-8
Iteration: 2370000 error: 1.1469016185390806e-8
Iteration: 2380000 error: 1.1435157636952128e-8
Iteration: 2390000 error: 1.1401401164261893e-8
Iteration: 2400000 error: 1.1367746404089766e-8
Iteration: 2410000 error: 1.1334192996170168e-8
Iteration: 2420000 error: 1.130074058280547e-8
Iteration: 2430000 error: 1.1267388808875045e-8
Iteration: 2440000 error: 1.123413732157451e-8
Iteration: 2450000 error: 1.1200985771148916e-8
Iteration: 2460000 error: 1.1167933809863414e-8
Iteration: 2470000 error: 1.11349810925612e-8
Iteration: 2480000 error: 1.1102127276505955e-8
Iteration: 2490000 error: 1.1069372021286958e-8
Iteration: 2500000 error: 1.1036714988664284e-8
Iteration: 2510000 error: 1.100415584278248e-8
Iteration: 2520000 error: 1.0971694249928065e-8
Iteration: 2530000 error: 1.0939329878482495e-8
Iteration: 2540000 error: 1.0907062399214128e-8
Iteration: 2550000 error: 1.0874891484821434e-8
Iteration: 2560000 error: 1.084281681002852e-8
Iteration: 2570000 error: 1.0810838051544003e-8
Iteration: 2580000 error: 1.077895488837409e-8
Iteration: 2590000 error: 1.074716700116801e-8
Iteration: 2600000 error: 1.0715474072741058e-8
Iteration: 2610000 error: 1.068387578748364e-8
Iteration: 2620000 error: 1.0652371832007659e-8
Iteration: 2630000 error: 1.062096189453478e-8
Iteration: 2640000 error: 1.05896456652692e-8
Iteration: 2650000 error: 1.05584228359775e-8
Iteration: 2660000 error: 1.0527293100333924e-8
Iteration: 2670000 error: 1.0496256153742167e-8
Iteration: 2680000 error: 1.0465311693166833e-8
Iteration: 2690000 error: 1.043445941743327e-8
Iteration: 2700000 error: 1.0403699026804523e-8
Iteration: 2710000 error: 1.0373030223367326e-8
Iteration: 2720000 error: 1.0342452710856705e-8
Iteration: 2730000 error: 1.0311966194056776e-8
Iteration: 2740000 error: 1.0281570379891353e-8
Iteration: 2750000 error: 1.025126497654766e-8
Iteration: 2760000 error: 1.0221049694038078e-8
Iteration: 2770000 error: 1.0190924243159967e-8
Iteration: 2780000 error: 1.0160888337044109e-8
Iteration: 2790000 error: 1.0130941689473433e-8
Iteration: 2800000 error: 1.0101084016151458e-8
Iteration: 2810000 error: 1.0071315033994545e-8
Iteration: 2820000 error: 1.0041634461628872e-8
Iteration: 2830000 error: 1.001204201823168e-8
Converged at iteration 2834078 with error: 9.999999453171085e-9
total time:34.88596487045288


Non-blocking communication (overlapping with computation)
Iteration: 10000 error: 2.656624293518113e-8
Iteration: 20000 error: 2.6177747441043114e-8
Iteration: 30000 error: 2.5876627631398576e-8
Iteration: 40000 error: 2.562077415651265e-8
Iteration: 50000 error: 2.5393873065512335e-8
Iteration: 60000 error: 2.5187555877784936e-8
Iteration: 70000 error: 2.4996850317049932e-8
Iteration: 80000 error: 2.481851600352336e-8
Iteration: 90000 error: 2.4650301694746977e-8
Iteration: 100000 error: 2.449056793185607e-8
Iteration: 110000 error: 2.4338076794637465e-8
Iteration: 120000 error: 2.419186633740692e-8
Iteration: 130000 error: 2.4051171410825577e-8
Iteration: 140000 error: 2.3915371500148407e-8
Iteration: 150000 error: 2.378395510018856e-8
Iteration: 160000 error: 2.365649463762669e-8
Iteration: 170000 error: 2.353262835766355e-8
Iteration: 180000 error: 2.3412046947479447e-8
Iteration: 190000 error: 2.329448346504092e-8
Iteration: 200000 error: 2.317970562655969e-8
Iteration: 210000 error: 2.3067509810524376e-8
Iteration: 220000 error: 2.2957716333361226e-8
Iteration: 230000 error: 2.2850165681644562e-8
Iteration: 240000 error: 2.274471547441536e-8
Iteration: 250000 error: 2.2641237989636274e-8
Iteration: 260000 error: 2.2539618131871002e-8
Iteration: 270000 error: 2.2439751748606274e-8
Iteration: 280000 error: 2.2341544224747953e-8
Iteration: 290000 error: 2.2244909301051238e-8
Iteration: 300000 error: 2.2149768074687463e-8
Iteration: 310000 error: 2.2056048148037207e-8
Iteration: 320000 error: 2.1963682900656567e-8
Iteration: 330000 error: 2.1872610862319246e-8
Iteration: 340000 error: 2.1782775171310377e-8
Iteration: 350000 error: 2.1694123103799595e-8
Iteration: 360000 error: 2.1606605663066764e-8
Iteration: 370000 error: 2.1520177220070502e-8
Iteration: 380000 error: 2.1434795197236754e-8
Iteration: 390000 error: 2.135041978935803e-8
Iteration: 400000 error: 2.12670137168363e-8
Iteration: 410000 error: 2.118454200596005e-8
Iteration: 420000 error: 2.1102971793749752e-8
Iteration: 430000 error: 2.102227215307895e-8
Iteration: 440000 error: 2.0942413936377942e-8
Iteration: 450000 error: 2.0863369634889285e-8
Iteration: 460000 error: 2.0785113252196533e-8
Iteration: 470000 error: 2.0707620189895328e-8
Iteration: 480000 error: 2.0630867144179952e-8
Iteration: 490000 error: 2.0554832012089675e-8
Iteration: 500000 error: 2.047949380636944e-8
Iteration: 510000 error: 2.0404832577820693e-8
Iteration: 520000 error: 2.033082934461136e-8
Iteration: 530000 error: 2.0257466027650627e-8
Iteration: 540000 error: 2.0184725391285543e-8
Iteration: 550000 error: 2.0112590989199243e-8
Iteration: 560000 error: 2.004104711445923e-8
Iteration: 570000 error: 1.997007875353366e-8
Iteration: 580000 error: 1.9899671544394147e-8
Iteration: 590000 error: 1.9829811737114655e-8
Iteration: 600000 error: 1.9760486158290204e-8
Iteration: 610000 error: 1.969168217732434e-8
Iteration: 620000 error: 1.962338767581857e-8
Iteration: 630000 error: 1.9555591018963207e-8
Iteration: 640000 error: 1.948828102884663e-8
Iteration: 650000 error: 1.942144695975612e-8
Iteration: 660000 error: 1.935507847517456e-8
Iteration: 670000 error: 1.928916562655643e-8
Iteration: 680000 error: 1.9223698832964117e-8
Iteration: 690000 error: 1.915866886281211e-8
Iteration: 700000 error: 1.9094066816104902e-8
Iteration: 710000 error: 1.902988410819234e-8
Iteration: 720000 error: 1.896611245473765e-8
Iteration: 730000 error: 1.890274385696169e-8
Iteration: 740000 error: 1.88397705886433e-8
Iteration: 750000 error: 1.8777185183093126e-8
Iteration: 760000 error: 1.871498042154415e-8
Iteration: 770000 error: 1.8653149321970047e-8
Iteration: 780000 error: 1.8591685128476423e-8
Iteration: 790000 error: 1.8530581301486824e-8
Iteration: 800000 error: 1.846983150842268e-8
Iteration: 810000 error: 1.840942961467752e-8
Iteration: 820000 error: 1.8349369675677206e-8
Iteration: 830000 error: 1.8289645928681788e-8
Iteration: 840000 error: 1.823025278548336e-8
Iteration: 850000 error: 1.8171184825310304e-8
Iteration: 860000 error: 1.8112436788284043e-8
Iteration: 870000 error: 1.8054003568806594e-8
Iteration: 880000 error: 1.7995880209959026e-8
Iteration: 890000 error: 1.7938061897424024e-8
Iteration: 900000 error: 1.788054395423493e-8
Iteration: 910000 error: 1.7823321835854078e-8
Iteration: 920000 error: 1.7766391124689984e-8
Iteration: 930000 error: 1.770974752608638e-8
Iteration: 940000 error: 1.7653386863428815e-8
Iteration: 950000 error: 1.759730507418655e-8
Iteration: 960000 error: 1.754149820565714e-8
Iteration: 970000 error: 1.7485962411309617e-8
Iteration: 980000 error: 1.7430693946996547e-8
Iteration: 990000 error: 1.7375689167437357e-8
Iteration: 1000000 error: 1.732094452278981e-8
Iteration: 1010000 error: 1.7266456555714878e-8
Iteration: 1020000 error: 1.72122218980467e-8
Iteration: 1030000 error: 1.715823726782951e-8
Iteration: 1040000 error: 1.710449946670733e-8
Iteration: 1050000 error: 1.7051005376959334e-8
Iteration: 1060000 error: 1.6997751958957893e-8
Iteration: 1070000 error: 1.69447362490917e-8
Iteration: 1080000 error: 1.689195535666586e-8
Iteration: 1090000 error: 1.683940646215541e-8
Iteration: 1100000 error: 1.678708681469456e-8
Iteration: 1110000 error: 1.6734993730120598e-8
Iteration: 1120000 error: 1.6683124589059016e-8
Iteration: 1130000 error: 1.6631476834338783e-8
Iteration: 1140000 error: 1.658004796996689e-8
Iteration: 1150000 error: 1.6528835558585594e-8
Iteration: 1160000 error: 1.6477837220242302e-8
Iteration: 1170000 error: 1.642705063019489e-8
Iteration: 1180000 error: 1.6376473517726898e-8
Iteration: 1190000 error: 1.6326103664302414e-8
Iteration: 1200000 error: 1.6275938902123857e-8
Iteration: 1210000 error: 1.6225977112713664e-8
Iteration: 1220000 error: 1.6176216225434234e-8
Iteration: 1230000 error: 1.612665421608431e-8
Iteration: 1240000 error: 1.6077289105647245e-8
Iteration: 1250000 error: 1.602811895910032e-8
Iteration: 1260000 error: 1.597914188376135e-8
Iteration: 1270000 error: 1.5930356028794864e-8
Iteration: 1280000 error: 1.588175958344965e-8
Iteration: 1290000 error: 1.5833350775967567e-8
Iteration: 1300000 error: 1.578512787306088e-8
Iteration: 1310000 error: 1.573708917814807e-8
Iteration: 1320000 error: 1.5689233030933783e-8
Iteration: 1330000 error: 1.5641557805883213e-8
Iteration: 1340000 error: 1.5594061911757233e-8
Iteration: 1350000 error: 1.5546743790488265e-8
Iteration: 1360000 error: 1.5499601915955077e-8
Iteration: 1370000 error: 1.5452634793806133e-8
Iteration: 1380000 error: 1.5405840960066484e-8
Iteration: 1390000 error: 1.5359218980507415e-8
Iteration: 1400000 error: 1.5312767449800794e-8
Iteration: 1410000 error: 1.5266484990912248e-8
Iteration: 1420000 error: 1.522037025409934e-8
Iteration: 1430000 error: 1.5174421916253945e-8
Iteration: 1440000 error: 1.5128638680540164e-8
Iteration: 1450000 error: 1.5083019275169995e-8
Iteration: 1460000 error: 1.503756245303105e-8
Iteration: 1470000 error: 1.499226699131159e-8
Iteration: 1480000 error: 1.4947131690095444e-8
Iteration: 1490000 error: 1.4902155372707483e-8
Iteration: 1500000 error: 1.4857336884252117e-8
Iteration: 1510000 error: 1.4812675091809094e-8
Iteration: 1520000 error: 1.4768168883258979e-8
Iteration: 1530000 error: 1.4723817167078034e-8
Iteration: 1540000 error: 1.4679618871676162e-8
Iteration: 1550000 error: 1.4635572945130877e-8
Iteration: 1560000 error: 1.4591678354301976e-8
Iteration: 1570000 error: 1.4547934084508505e-8
Iteration: 1580000 error: 1.4504339139284233e-8
Iteration: 1590000 error: 1.4460892539614636e-8
Iteration: 1600000 error: 1.441759332371392e-8
Iteration: 1610000 error: 1.4374440546212156e-8
Iteration: 1620000 error: 1.433143327839451e-8
Iteration: 1630000 error: 1.4288570607071946e-8
Iteration: 1640000 error: 1.4245851634792665e-8
Iteration: 1650000 error: 1.4203275479007145e-8
Iteration: 1660000 error: 1.4160841271896459e-8
Iteration: 1670000 error: 1.4118548160170804e-8
Iteration: 1680000 error: 1.4076395304186624e-8
Iteration: 1690000 error: 1.4034381878258417e-8
Iteration: 1700000 error: 1.3992507069778285e-8
Iteration: 1710000 error: 1.3950770079235465e-8
Iteration: 1720000 error: 1.3909170119768752e-8
Iteration: 1730000 error: 1.3867706416793076e-8
Iteration: 1740000 error: 1.382637820777244e-8
Iteration: 1750000 error: 1.378518474188849e-8
Iteration: 1760000 error: 1.374412527997553e-8
Iteration: 1770000 error: 1.3703199093813396e-8
Iteration: 1780000 error: 1.3662405466245192e-8
Iteration: 1790000 error: 1.3621743690650922e-8
Iteration: 1800000 error: 1.3581213070952091e-8
Iteration: 1810000 error: 1.3540812920974402e-8
Iteration: 1820000 error: 1.3500542564804938e-8
Iteration: 1830000 error: 1.3460401335647352e-8
Iteration: 1840000 error: 1.3420388576778508e-8
Iteration: 1850000 error: 1.3380503640109018e-8
Iteration: 1860000 error: 1.334074588686653e-8
Iteration: 1870000 error: 1.330111468699884e-8
Iteration: 1880000 error: 1.3261609419032886e-8
Iteration: 1890000 error: 1.3222229469650033e-8
Iteration: 1900000 error: 1.3182974233963103e-8
Iteration: 1910000 error: 1.3143843114926634e-8
Iteration: 1920000 error: 1.310483552327267e-8
Iteration: 1930000 error: 1.3065950877476344e-8
Iteration: 1940000 error: 1.3027188603166736e-8
Iteration: 1950000 error: 1.2988548133516779e-8
Iteration: 1960000 error: 1.2950028908852796e-8
Iteration: 1970000 error: 1.2911630375898941e-8
Iteration: 1980000 error: 1.2873351988744641e-8
Iteration: 1990000 error: 1.2835193207663674e-8
Iteration: 2000000 error: 1.2797153499871188e-8
Iteration: 2010000 error: 1.275923233835762e-8
Iteration: 2020000 error: 1.272142920239444e-8
Iteration: 2030000 error: 1.2683743577719176e-8
Iteration: 2040000 error: 1.2646174955561711e-8
Iteration: 2050000 error: 1.2608722832844354e-8
Iteration: 2060000 error: 1.257138671249271e-8
Iteration: 2070000 error: 1.2534166102577731e-8
Iteration: 2080000 error: 1.2497060516855157e-8
Iteration: 2090000 error: 1.2460069474140525e-8
Iteration: 2100000 error: 1.2423192498472533e-8
Iteration: 2110000 error: 1.2386429118850791e-8
Iteration: 2120000 error: 1.2349778869382856e-8
Iteration: 2130000 error: 1.2313241288894544e-8
Iteration: 2140000 error: 1.2276815920775485e-8
Iteration: 2150000 error: 1.2240502313337386e-8
Iteration: 2160000 error: 1.2204300019074266e-8
Iteration: 2170000 error: 1.2168208595159821e-8
Iteration: 2180000 error: 1.213222760301951e-8
Iteration: 2190000 error: 1.2096356608210468e-8
Iteration: 2200000 error: 1.2060595180513396e-8
Iteration: 2210000 error: 1.2024942893653133e-8
Iteration: 2220000 error: 1.1989399325559471e-8
Iteration: 2230000 error: 1.1953964058020254e-8
Iteration: 2240000 error: 1.1918636676255521e-8
Iteration: 2250000 error: 1.1883416769548654e-8
Iteration: 2260000 error: 1.1848303930840305e-8
Iteration: 2270000 error: 1.1813297756463984e-8
Iteration: 2280000 error: 1.1778397846529173e-8
Iteration: 2290000 error: 1.1743603804224746e-8
Iteration: 2300000 error: 1.1708915236235049e-8
Iteration: 2310000 error: 1.167433175276716e-8
Iteration: 2320000 error: 1.1639852967027469e-8
Iteration: 2330000 error: 1.1605478495347823e-8
Iteration: 2340000 error: 1.1571207957225273e-8
Iteration: 2350000 error: 1.1537040975415136e-8
Iteration: 2360000 error: 1.1502977175246306e-8
Iteration: 2370000 error: 1.1469016185390806e-8
Iteration: 2380000 error: 1.1435157636952128e-8
Iteration: 2390000 error: 1.1401401164261893e-8
Iteration: 2400000 error: 1.1367746404089766e-8
Iteration: 2410000 error: 1.1334192996170168e-8
Iteration: 2420000 error: 1.130074058280547e-8
Iteration: 2430000 error: 1.1267388808875045e-8
Iteration: 2440000 error: 1.123413732157451e-8
Iteration: 2450000 error: 1.1200985771148916e-8
Iteration: 2460000 error: 1.1167933809863414e-8
Iteration: 2470000 error: 1.11349810925612e-8
Iteration: 2480000 error: 1.1102127276505955e-8
Iteration: 2490000 error: 1.1069372021286958e-8
Iteration: 2500000 error: 1.1036714988664284e-8
Iteration: 2510000 error: 1.100415584278248e-8
Iteration: 2520000 error: 1.0971694249928065e-8
Iteration: 2530000 error: 1.0939329878482495e-8
Iteration: 2540000 error: 1.0907062399214128e-8
Iteration: 2550000 error: 1.0874891484821434e-8
Iteration: 2560000 error: 1.084281681002852e-8
Iteration: 2570000 error: 1.0810838051544003e-8
Iteration: 2580000 error: 1.077895488837409e-8
Iteration: 2590000 error: 1.074716700116801e-8
Iteration: 2600000 error: 1.0715474072741058e-8
Iteration: 2610000 error: 1.068387578748364e-8
Iteration: 2620000 error: 1.0652371832007659e-8
Iteration: 2630000 error: 1.062096189453478e-8
Iteration: 2640000 error: 1.05896456652692e-8
Iteration: 2650000 error: 1.05584228359775e-8
Iteration: 2660000 error: 1.0527293100333924e-8
Iteration: 2670000 error: 1.0496256153742167e-8
Iteration: 2680000 error: 1.0465311693166833e-8
Iteration: 2690000 error: 1.043445941743327e-8
Iteration: 2700000 error: 1.0403699026804523e-8
Iteration: 2710000 error: 1.0373030223367326e-8
Iteration: 2720000 error: 1.0342452710856705e-8
Iteration: 2730000 error: 1.0311966194056776e-8
Iteration: 2740000 error: 1.0281570379891353e-8
Iteration: 2750000 error: 1.025126497654766e-8
Iteration: 2760000 error: 1.0221049694038078e-8
Iteration: 2770000 error: 1.0190924243159967e-8
Iteration: 2780000 error: 1.0160888337044109e-8
Iteration: 2790000 error: 1.0130941689473433e-8
Iteration: 2800000 error: 1.0101084016151458e-8
Iteration: 2810000 error: 1.0071315033994545e-8
Iteration: 2820000 error: 1.0041634461628872e-8
Iteration: 2830000 error: 1.001204201823168e-8
Converged at iteration 2834078 with error: 9.999999453171085e-9
total time:16.539082050323486
